Analysis & Synthesis report for QPSK_OUT
Sat Jan 29 09:34:25 2022
Quartus II 64-Bit Version 13.0.1 Build 232 06/12/2013 Service Pack 1 SJ Web Edition


---------------------
; Table of Contents ;
---------------------
  1. Legal Notice
  2. Analysis & Synthesis Summary
  3. Analysis & Synthesis Settings
  4. Parallel Compilation
  5. Analysis & Synthesis Source Files Read
  6. Analysis & Synthesis Resource Usage Summary
  7. Analysis & Synthesis Resource Utilization by Entity
  8. General Register Statistics
  9. Parameter Settings for User Entity Instance: Clock_divider:inst2
 10. Parameter Settings for User Entity Instance: Clock_divider2:inst3
 11. Elapsed Time Per Partition
 12. Analysis & Synthesis Messages



----------------
; Legal Notice ;
----------------
Copyright (C) 1991-2013 Altera Corporation
Your use of Altera Corporation's design tools, logic functions 
and other software and tools, and its AMPP partner logic 
functions, and any output files from any of the foregoing 
(including device programming or simulation files), and any 
associated documentation or information are expressly subject 
to the terms and conditions of the Altera Program License 
Subscription Agreement, Altera MegaCore Function License 
Agreement, or other applicable license agreement, including, 
without limitation, that your use is for the sole purpose of 
programming logic devices manufactured by Altera and sold by 
Altera or its authorized distributors.  Please refer to the 
applicable agreement for further details.



+--------------------------------------------------------------------------------------+
; Analysis & Synthesis Summary                                                         ;
+------------------------------------+-------------------------------------------------+
; Analysis & Synthesis Status        ; Successful - Sat Jan 29 09:34:25 2022           ;
; Quartus II 64-Bit Version          ; 13.0.1 Build 232 06/12/2013 SP 1 SJ Web Edition ;
; Revision Name                      ; QPSK_OUT                                        ;
; Top-level Entity Name              ; QPSK_OUT_BLOCK                                  ;
; Family                             ; Cyclone II                                      ;
; Total logic elements               ; 486                                             ;
;     Total combinational functions  ; 486                                             ;
;     Dedicated logic registers      ; 124                                             ;
; Total registers                    ; 124                                             ;
; Total pins                         ; 37                                              ;
; Total virtual pins                 ; 0                                               ;
; Total memory bits                  ; 0                                               ;
; Embedded Multiplier 9-bit elements ; 0                                               ;
; Total PLLs                         ; 0                                               ;
+------------------------------------+-------------------------------------------------+


+----------------------------------------------------------------------------------------------------------------------+
; Analysis & Synthesis Settings                                                                                        ;
+----------------------------------------------------------------------------+--------------------+--------------------+
; Option                                                                     ; Setting            ; Default Value      ;
+----------------------------------------------------------------------------+--------------------+--------------------+
; Device                                                                     ; EP2C20F484C7       ;                    ;
; Top-level entity name                                                      ; QPSK_OUT_BLOCK     ; QPSK_OUT           ;
; Family name                                                                ; Cyclone II         ; Cyclone IV GX      ;
; Use smart compilation                                                      ; Off                ; Off                ;
; Enable parallel Assembler and TimeQuest Timing Analyzer during compilation ; On                 ; On                 ;
; Enable compact report table                                                ; Off                ; Off                ;
; Restructure Multiplexers                                                   ; Auto               ; Auto               ;
; Create Debugging Nodes for IP Cores                                        ; Off                ; Off                ;
; Preserve fewer node names                                                  ; On                 ; On                 ;
; Disable OpenCore Plus hardware evaluation                                  ; Off                ; Off                ;
; Verilog Version                                                            ; Verilog_2001       ; Verilog_2001       ;
; VHDL Version                                                               ; VHDL_1993          ; VHDL_1993          ;
; State Machine Processing                                                   ; Auto               ; Auto               ;
; Safe State Machine                                                         ; Off                ; Off                ;
; Extract Verilog State Machines                                             ; On                 ; On                 ;
; Extract VHDL State Machines                                                ; On                 ; On                 ;
; Ignore Verilog initial constructs                                          ; Off                ; Off                ;
; Iteration limit for constant Verilog loops                                 ; 5000               ; 5000               ;
; Iteration limit for non-constant Verilog loops                             ; 250                ; 250                ;
; Add Pass-Through Logic to Inferred RAMs                                    ; On                 ; On                 ;
; Infer RAMs from Raw Logic                                                  ; On                 ; On                 ;
; Parallel Synthesis                                                         ; On                 ; On                 ;
; DSP Block Balancing                                                        ; Auto               ; Auto               ;
; NOT Gate Push-Back                                                         ; On                 ; On                 ;
; Power-Up Don't Care                                                        ; On                 ; On                 ;
; Remove Redundant Logic Cells                                               ; Off                ; Off                ;
; Remove Duplicate Registers                                                 ; On                 ; On                 ;
; Ignore CARRY Buffers                                                       ; Off                ; Off                ;
; Ignore CASCADE Buffers                                                     ; Off                ; Off                ;
; Ignore GLOBAL Buffers                                                      ; Off                ; Off                ;
; Ignore ROW GLOBAL Buffers                                                  ; Off                ; Off                ;
; Ignore LCELL Buffers                                                       ; Off                ; Off                ;
; Ignore SOFT Buffers                                                        ; On                 ; On                 ;
; Limit AHDL Integers to 32 Bits                                             ; Off                ; Off                ;
; Optimization Technique                                                     ; Balanced           ; Balanced           ;
; Carry Chain Length                                                         ; 70                 ; 70                 ;
; Auto Carry Chains                                                          ; On                 ; On                 ;
; Auto Open-Drain Pins                                                       ; On                 ; On                 ;
; Perform WYSIWYG Primitive Resynthesis                                      ; Off                ; Off                ;
; Auto ROM Replacement                                                       ; On                 ; On                 ;
; Auto RAM Replacement                                                       ; On                 ; On                 ;
; Auto Shift Register Replacement                                            ; Auto               ; Auto               ;
; Allow Shift Register Merging across Hierarchies                            ; Auto               ; Auto               ;
; Auto Clock Enable Replacement                                              ; On                 ; On                 ;
; Strict RAM Replacement                                                     ; Off                ; Off                ;
; Allow Synchronous Control Signals                                          ; On                 ; On                 ;
; Force Use of Synchronous Clear Signals                                     ; Off                ; Off                ;
; Auto RAM to Logic Cell Conversion                                          ; Off                ; Off                ;
; Auto Resource Sharing                                                      ; Off                ; Off                ;
; Allow Any RAM Size For Recognition                                         ; Off                ; Off                ;
; Allow Any ROM Size For Recognition                                         ; Off                ; Off                ;
; Allow Any Shift Register Size For Recognition                              ; Off                ; Off                ;
; Use LogicLock Constraints during Resource Balancing                        ; On                 ; On                 ;
; Ignore translate_off and synthesis_off directives                          ; Off                ; Off                ;
; Timing-Driven Synthesis                                                    ; Off                ; Off                ;
; Report Parameter Settings                                                  ; On                 ; On                 ;
; Report Source Assignments                                                  ; On                 ; On                 ;
; Report Connectivity Checks                                                 ; On                 ; On                 ;
; Ignore Maximum Fan-Out Assignments                                         ; Off                ; Off                ;
; Synchronization Register Chain Length                                      ; 2                  ; 2                  ;
; PowerPlay Power Optimization                                               ; Normal compilation ; Normal compilation ;
; HDL message level                                                          ; Level2             ; Level2             ;
; Suppress Register Optimization Related Messages                            ; Off                ; Off                ;
; Number of Removed Registers Reported in Synthesis Report                   ; 5000               ; 5000               ;
; Number of Swept Nodes Reported in Synthesis Report                         ; 5000               ; 5000               ;
; Number of Inverted Registers Reported in Synthesis Report                  ; 100                ; 100                ;
; Clock MUX Protection                                                       ; On                 ; On                 ;
; Auto Gated Clock Conversion                                                ; Off                ; Off                ;
; Block Design Naming                                                        ; Auto               ; Auto               ;
; SDC constraint protection                                                  ; Off                ; Off                ;
; Synthesis Effort                                                           ; Auto               ; Auto               ;
; Shift Register Replacement - Allow Asynchronous Clear Signal               ; On                 ; On                 ;
; Pre-Mapping Resynthesis Optimization                                       ; Off                ; Off                ;
; Analysis & Synthesis Message Level                                         ; Medium             ; Medium             ;
; Disable Register Merging Across Hierarchies                                ; Auto               ; Auto               ;
; Resource Aware Inference For Block RAM                                     ; On                 ; On                 ;
; Synthesis Seed                                                             ; 1                  ; 1                  ;
+----------------------------------------------------------------------------+--------------------+--------------------+


+------------------------------------------+
; Parallel Compilation                     ;
+----------------------------+-------------+
; Processors                 ; Number      ;
+----------------------------+-------------+
; Number detected on machine ; 4           ;
; Maximum allowed            ; 2           ;
;                            ;             ;
; Average used               ; 1.00        ;
; Maximum used               ; 1           ;
;                            ;             ;
; Usage by Processor         ; % Time Used ;
;     Processor 1            ; 100.0%      ;
;     Processors 2-4         ;   0.0%      ;
+----------------------------+-------------+


+-----------------------------------------------------------------------------------------------------------------------------------------------------------+
; Analysis & Synthesis Source Files Read                                                                                                                    ;
+----------------------------------+-----------------+------------------------------------+-------------------------------------------------------+---------+
; File Name with User-Entered Path ; Used in Netlist ; File Type                          ; File Name with Absolute Path                          ; Library ;
+----------------------------------+-----------------+------------------------------------+-------------------------------------------------------+---------+
; QPSK_OUT.v                       ; yes             ; User Verilog HDL File              ; C:/Users/SHIVOHAM/Desktop/QPSK_OUT/QPSK_OUT.v         ;         ;
; QPSK_OUT_BLOCK.bdf               ; yes             ; User Block Diagram/Schematic File  ; C:/Users/SHIVOHAM/Desktop/QPSK_OUT/QPSK_OUT_BLOCK.bdf ;         ;
+----------------------------------+-----------------+------------------------------------+-------------------------------------------------------+---------+


+------------------------------------------------------------------+
; Analysis & Synthesis Resource Usage Summary                      ;
+---------------------------------------------+--------------------+
; Resource                                    ; Usage              ;
+---------------------------------------------+--------------------+
; Estimated Total logic elements              ; 486                ;
;                                             ;                    ;
; Total combinational functions               ; 486                ;
; Logic element usage by number of LUT inputs ;                    ;
;     -- 4 input functions                    ; 357                ;
;     -- 3 input functions                    ; 29                 ;
;     -- <=2 input functions                  ; 100                ;
;                                             ;                    ;
; Logic elements by mode                      ;                    ;
;     -- normal mode                          ; 390                ;
;     -- arithmetic mode                      ; 96                 ;
;                                             ;                    ;
; Total registers                             ; 124                ;
;     -- Dedicated logic registers            ; 124                ;
;     -- I/O registers                        ; 0                  ;
;                                             ;                    ;
; I/O pins                                    ; 37                 ;
; Embedded Multiplier 9-bit elements          ; 0                  ;
; Maximum fan-out node                        ; QPSK_OUT:inst|i[2] ;
; Maximum fan-out                             ; 167                ;
; Total fan-out                               ; 2050               ;
; Average fan-out                             ; 3.17               ;
+---------------------------------------------+--------------------+


+----------------------------------------------------------------------------------------------------------------------------------------------------------------------------------------------+
; Analysis & Synthesis Resource Utilization by Entity                                                                                                                                          ;
+----------------------------+-------------------+--------------+-------------+--------------+---------+-----------+------+--------------+--------------------------------------+--------------+
; Compilation Hierarchy Node ; LC Combinationals ; LC Registers ; Memory Bits ; DSP Elements ; DSP 9x9 ; DSP 18x18 ; Pins ; Virtual Pins ; Full Hierarchy Name                  ; Library Name ;
+----------------------------+-------------------+--------------+-------------+--------------+---------+-----------+------+--------------+--------------------------------------+--------------+
; |QPSK_OUT_BLOCK            ; 486 (0)           ; 124 (0)      ; 0           ; 0            ; 0       ; 0         ; 37   ; 0            ; |QPSK_OUT_BLOCK                      ; work         ;
;    |Clock_divider2:inst3|  ; 43 (43)           ; 29 (29)      ; 0           ; 0            ; 0       ; 0         ; 0    ; 0            ; |QPSK_OUT_BLOCK|Clock_divider2:inst3 ; work         ;
;    |Clock_divider:inst2|   ; 41 (41)           ; 29 (29)      ; 0           ; 0            ; 0       ; 0         ; 0    ; 0            ; |QPSK_OUT_BLOCK|Clock_divider:inst2  ; work         ;
;    |QPSK_OUT:inst|         ; 402 (402)         ; 66 (66)      ; 0           ; 0            ; 0       ; 0         ; 0    ; 0            ; |QPSK_OUT_BLOCK|QPSK_OUT:inst        ; work         ;
+----------------------------+-------------------+--------------+-------------+--------------+---------+-----------+------+--------------+--------------------------------------+--------------+
Note: For table entries with two numbers listed, the numbers in parentheses indicate the number of resources of the given type used by the specific entity alone. The numbers listed outside of parentheses indicate the total resources of the given type used by the specific entity and all of its sub-entities in the hierarchy.


+------------------------------------------------------+
; General Register Statistics                          ;
+----------------------------------------------+-------+
; Statistic                                    ; Value ;
+----------------------------------------------+-------+
; Total registers                              ; 124   ;
; Number of registers using Synchronous Clear  ; 56    ;
; Number of registers using Synchronous Load   ; 0     ;
; Number of registers using Asynchronous Clear ; 0     ;
; Number of registers using Asynchronous Load  ; 0     ;
; Number of registers using Clock Enable       ; 0     ;
; Number of registers using Preset             ; 0     ;
+----------------------------------------------+-------+


+------------------------------------------------------------------+
; Parameter Settings for User Entity Instance: Clock_divider:inst2 ;
+----------------+------------------------------+------------------+
; Parameter Name ; Value                        ; Type             ;
+----------------+------------------------------+------------------+
; DIVISOR        ; 0000000000000100111000100000 ; Unsigned Binary  ;
+----------------+------------------------------+------------------+
Note: In order to hide this table in the UI and the text report file, please set the "Show Parameter Settings in Synthesis Report" option in "Analysis and Synthesis Settings -> More Settings" to "Off".


+-------------------------------------------------------------------+
; Parameter Settings for User Entity Instance: Clock_divider2:inst3 ;
+----------------+------------------------------+-------------------+
; Parameter Name ; Value                        ; Type              ;
+----------------+------------------------------+-------------------+
; DIVISOR2       ; 0000000000001100001101010000 ; Unsigned Binary   ;
+----------------+------------------------------+-------------------+
Note: In order to hide this table in the UI and the text report file, please set the "Show Parameter Settings in Synthesis Report" option in "Analysis and Synthesis Settings -> More Settings" to "Off".


+-------------------------------+
; Elapsed Time Per Partition    ;
+----------------+--------------+
; Partition Name ; Elapsed Time ;
+----------------+--------------+
; Top            ; 00:00:02     ;
+----------------+--------------+


+-------------------------------+
; Analysis & Synthesis Messages ;
+-------------------------------+
Info: *******************************************************************
Info: Running Quartus II 64-Bit Analysis & Synthesis
    Info: Version 13.0.1 Build 232 06/12/2013 Service Pack 1 SJ Web Edition
    Info: Processing started: Sat Jan 29 09:34:21 2022
Info: Command: quartus_map --read_settings_files=on --write_settings_files=off QPSK_OUT -c QPSK_OUT
Info (11104): Parallel Compilation has detected 4 hyper-threaded processors. However, the extra hyper-threaded processors will not be used by default. Parallel Compilation will use 2 of the 2 physical processors detected instead.
Info (12021): Found 3 design units, including 3 entities, in source file qpsk_out.v
    Info (12023): Found entity 1: QPSK_OUT
    Info (12023): Found entity 2: Clock_divider
    Info (12023): Found entity 3: Clock_divider2
Info (12021): Found 1 design units, including 1 entities, in source file qpsk_out_block.bdf
    Info (12023): Found entity 1: QPSK_OUT_BLOCK
Warning (10227): Verilog HDL Port Declaration warning at QPSK_OUT.v(14): data type declaration for "data_out" declares packed dimensions but the port declaration declaration does not
Info (10499): HDL info at QPSK_OUT.v(5): see declaration for object "data_out"
Warning (10227): Verilog HDL Port Declaration warning at QPSK_OUT.v(12): data type declaration for "I_out" declares packed dimensions but the port declaration declaration does not
Info (10499): HDL info at QPSK_OUT.v(5): see declaration for object "I_out"
Warning (10227): Verilog HDL Port Declaration warning at QPSK_OUT.v(13): data type declaration for "Q_out" declares packed dimensions but the port declaration declaration does not
Info (10499): HDL info at QPSK_OUT.v(5): see declaration for object "Q_out"
Info (12127): Elaborating entity "QPSK_OUT_BLOCK" for the top level hierarchy
Info (12128): Elaborating entity "QPSK_OUT" for hierarchy "QPSK_OUT:inst"
Warning (10230): Verilog HDL assignment warning at QPSK_OUT.v(70): truncated value with size 32 to match size of target (11)
Warning (10230): Verilog HDL assignment warning at QPSK_OUT.v(71): truncated value with size 32 to match size of target (11)
Warning (10230): Verilog HDL assignment warning at QPSK_OUT.v(72): truncated value with size 32 to match size of target (11)
Warning (10230): Verilog HDL assignment warning at QPSK_OUT.v(73): truncated value with size 32 to match size of target (11)
Warning (10230): Verilog HDL assignment warning at QPSK_OUT.v(74): truncated value with size 32 to match size of target (11)
Warning (10230): Verilog HDL assignment warning at QPSK_OUT.v(75): truncated value with size 32 to match size of target (11)
Warning (10230): Verilog HDL assignment warning at QPSK_OUT.v(76): truncated value with size 32 to match size of target (11)
Warning (10230): Verilog HDL assignment warning at QPSK_OUT.v(77): truncated value with size 32 to match size of target (11)
Warning (10230): Verilog HDL assignment warning at QPSK_OUT.v(78): truncated value with size 32 to match size of target (11)
Warning (10230): Verilog HDL assignment warning at QPSK_OUT.v(79): truncated value with size 32 to match size of target (11)
Warning (10230): Verilog HDL assignment warning at QPSK_OUT.v(80): truncated value with size 32 to match size of target (11)
Warning (10230): Verilog HDL assignment warning at QPSK_OUT.v(81): truncated value with size 32 to match size of target (11)
Warning (10230): Verilog HDL assignment warning at QPSK_OUT.v(82): truncated value with size 32 to match size of target (11)
Warning (10230): Verilog HDL assignment warning at QPSK_OUT.v(83): truncated value with size 32 to match size of target (11)
Warning (10230): Verilog HDL assignment warning at QPSK_OUT.v(84): truncated value with size 32 to match size of target (11)
Warning (10230): Verilog HDL assignment warning at QPSK_OUT.v(85): truncated value with size 32 to match size of target (11)
Warning (10230): Verilog HDL assignment warning at QPSK_OUT.v(86): truncated value with size 32 to match size of target (11)
Warning (10230): Verilog HDL assignment warning at QPSK_OUT.v(87): truncated value with size 32 to match size of target (11)
Warning (10230): Verilog HDL assignment warning at QPSK_OUT.v(88): truncated value with size 32 to match size of target (11)
Warning (10230): Verilog HDL assignment warning at QPSK_OUT.v(89): truncated value with size 32 to match size of target (11)
Warning (10230): Verilog HDL assignment warning at QPSK_OUT.v(90): truncated value with size 32 to match size of target (11)
Warning (10230): Verilog HDL assignment warning at QPSK_OUT.v(91): truncated value with size 32 to match size of target (11)
Warning (10230): Verilog HDL assignment warning at QPSK_OUT.v(92): truncated value with size 32 to match size of target (11)
Warning (10230): Verilog HDL assignment warning at QPSK_OUT.v(93): truncated value with size 32 to match size of target (11)
Warning (10230): Verilog HDL assignment warning at QPSK_OUT.v(94): truncated value with size 32 to match size of target (11)
Warning (10230): Verilog HDL assignment warning at QPSK_OUT.v(95): truncated value with size 32 to match size of target (11)
Warning (10230): Verilog HDL assignment warning at QPSK_OUT.v(96): truncated value with size 32 to match size of target (11)
Warning (10230): Verilog HDL assignment warning at QPSK_OUT.v(97): truncated value with size 32 to match size of target (11)
Warning (10230): Verilog HDL assignment warning at QPSK_OUT.v(98): truncated value with size 32 to match size of target (11)
Warning (10230): Verilog HDL assignment warning at QPSK_OUT.v(99): truncated value with size 32 to match size of target (11)
Warning (10230): Verilog HDL assignment warning at QPSK_OUT.v(100): truncated value with size 32 to match size of target (11)
Warning (10230): Verilog HDL assignment warning at QPSK_OUT.v(101): truncated value with size 32 to match size of target (11)
Warning (10230): Verilog HDL assignment warning at QPSK_OUT.v(102): truncated value with size 32 to match size of target (11)
Warning (10230): Verilog HDL assignment warning at QPSK_OUT.v(103): truncated value with size 32 to match size of target (11)
Warning (10230): Verilog HDL assignment warning at QPSK_OUT.v(104): truncated value with size 32 to match size of target (11)
Warning (10230): Verilog HDL assignment warning at QPSK_OUT.v(105): truncated value with size 32 to match size of target (11)
Warning (10230): Verilog HDL assignment warning at QPSK_OUT.v(106): truncated value with size 32 to match size of target (11)
Warning (10230): Verilog HDL assignment warning at QPSK_OUT.v(107): truncated value with size 32 to match size of target (11)
Warning (10230): Verilog HDL assignment warning at QPSK_OUT.v(108): truncated value with size 32 to match size of target (11)
Warning (10230): Verilog HDL assignment warning at QPSK_OUT.v(109): truncated value with size 32 to match size of target (11)
Warning (10230): Verilog HDL assignment warning at QPSK_OUT.v(110): truncated value with size 32 to match size of target (11)
Warning (10230): Verilog HDL assignment warning at QPSK_OUT.v(111): truncated value with size 32 to match size of target (11)
Warning (10230): Verilog HDL assignment warning at QPSK_OUT.v(112): truncated value with size 32 to match size of target (11)
Warning (10230): Verilog HDL assignment warning at QPSK_OUT.v(113): truncated value with size 32 to match size of target (11)
Warning (10230): Verilog HDL assignment warning at QPSK_OUT.v(114): truncated value with size 32 to match size of target (11)
Warning (10230): Verilog HDL assignment warning at QPSK_OUT.v(115): truncated value with size 32 to match size of target (11)
Warning (10230): Verilog HDL assignment warning at QPSK_OUT.v(116): truncated value with size 32 to match size of target (11)
Warning (10230): Verilog HDL assignment warning at QPSK_OUT.v(117): truncated value with size 32 to match size of target (11)
Warning (10230): Verilog HDL assignment warning at QPSK_OUT.v(118): truncated value with size 32 to match size of target (11)
Warning (10230): Verilog HDL assignment warning at QPSK_OUT.v(147): truncated value with size 32 to match size of target (11)
Warning (10230): Verilog HDL assignment warning at QPSK_OUT.v(148): truncated value with size 32 to match size of target (11)
Warning (10230): Verilog HDL assignment warning at QPSK_OUT.v(149): truncated value with size 32 to match size of target (11)
Warning (10230): Verilog HDL assignment warning at QPSK_OUT.v(150): truncated value with size 32 to match size of target (11)
Warning (10230): Verilog HDL assignment warning at QPSK_OUT.v(151): truncated value with size 32 to match size of target (11)
Warning (10230): Verilog HDL assignment warning at QPSK_OUT.v(152): truncated value with size 32 to match size of target (11)
Warning (10230): Verilog HDL assignment warning at QPSK_OUT.v(153): truncated value with size 32 to match size of target (11)
Warning (10230): Verilog HDL assignment warning at QPSK_OUT.v(154): truncated value with size 32 to match size of target (11)
Warning (10230): Verilog HDL assignment warning at QPSK_OUT.v(155): truncated value with size 32 to match size of target (11)
Warning (10230): Verilog HDL assignment warning at QPSK_OUT.v(156): truncated value with size 32 to match size of target (11)
Warning (10230): Verilog HDL assignment warning at QPSK_OUT.v(157): truncated value with size 32 to match size of target (11)
Warning (10230): Verilog HDL assignment warning at QPSK_OUT.v(158): truncated value with size 32 to match size of target (11)
Warning (10230): Verilog HDL assignment warning at QPSK_OUT.v(159): truncated value with size 32 to match size of target (11)
Warning (10230): Verilog HDL assignment warning at QPSK_OUT.v(160): truncated value with size 32 to match size of target (11)
Warning (10230): Verilog HDL assignment warning at QPSK_OUT.v(161): truncated value with size 32 to match size of target (11)
Warning (10230): Verilog HDL assignment warning at QPSK_OUT.v(162): truncated value with size 32 to match size of target (11)
Warning (10230): Verilog HDL assignment warning at QPSK_OUT.v(163): truncated value with size 32 to match size of target (11)
Warning (10230): Verilog HDL assignment warning at QPSK_OUT.v(164): truncated value with size 32 to match size of target (11)
Warning (10230): Verilog HDL assignment warning at QPSK_OUT.v(165): truncated value with size 32 to match size of target (11)
Warning (10230): Verilog HDL assignment warning at QPSK_OUT.v(166): truncated value with size 32 to match size of target (11)
Warning (10230): Verilog HDL assignment warning at QPSK_OUT.v(167): truncated value with size 32 to match size of target (11)
Warning (10230): Verilog HDL assignment warning at QPSK_OUT.v(168): truncated value with size 32 to match size of target (11)
Warning (10230): Verilog HDL assignment warning at QPSK_OUT.v(169): truncated value with size 32 to match size of target (11)
Warning (10230): Verilog HDL assignment warning at QPSK_OUT.v(170): truncated value with size 32 to match size of target (11)
Warning (10230): Verilog HDL assignment warning at QPSK_OUT.v(171): truncated value with size 32 to match size of target (11)
Warning (10230): Verilog HDL assignment warning at QPSK_OUT.v(172): truncated value with size 32 to match size of target (11)
Warning (10230): Verilog HDL assignment warning at QPSK_OUT.v(173): truncated value with size 32 to match size of target (11)
Warning (10230): Verilog HDL assignment warning at QPSK_OUT.v(174): truncated value with size 32 to match size of target (11)
Warning (10230): Verilog HDL assignment warning at QPSK_OUT.v(175): truncated value with size 32 to match size of target (11)
Warning (10230): Verilog HDL assignment warning at QPSK_OUT.v(176): truncated value with size 32 to match size of target (11)
Warning (10230): Verilog HDL assignment warning at QPSK_OUT.v(177): truncated value with size 32 to match size of target (11)
Warning (10230): Verilog HDL assignment warning at QPSK_OUT.v(178): truncated value with size 32 to match size of target (11)
Warning (10230): Verilog HDL assignment warning at QPSK_OUT.v(179): truncated value with size 32 to match size of target (11)
Warning (10230): Verilog HDL assignment warning at QPSK_OUT.v(180): truncated value with size 32 to match size of target (11)
Warning (10230): Verilog HDL assignment warning at QPSK_OUT.v(181): truncated value with size 32 to match size of target (11)
Warning (10230): Verilog HDL assignment warning at QPSK_OUT.v(182): truncated value with size 32 to match size of target (11)
Warning (10230): Verilog HDL assignment warning at QPSK_OUT.v(183): truncated value with size 32 to match size of target (11)
Warning (10230): Verilog HDL assignment warning at QPSK_OUT.v(184): truncated value with size 32 to match size of target (11)
Warning (10230): Verilog HDL assignment warning at QPSK_OUT.v(185): truncated value with size 32 to match size of target (11)
Warning (10230): Verilog HDL assignment warning at QPSK_OUT.v(186): truncated value with size 32 to match size of target (11)
Warning (10230): Verilog HDL assignment warning at QPSK_OUT.v(187): truncated value with size 32 to match size of target (11)
Warning (10230): Verilog HDL assignment warning at QPSK_OUT.v(188): truncated value with size 32 to match size of target (11)
Warning (10230): Verilog HDL assignment warning at QPSK_OUT.v(189): truncated value with size 32 to match size of target (11)
Warning (10230): Verilog HDL assignment warning at QPSK_OUT.v(190): truncated value with size 32 to match size of target (11)
Warning (10230): Verilog HDL assignment warning at QPSK_OUT.v(191): truncated value with size 32 to match size of target (11)
Warning (10230): Verilog HDL assignment warning at QPSK_OUT.v(192): truncated value with size 32 to match size of target (11)
Warning (10230): Verilog HDL assignment warning at QPSK_OUT.v(193): truncated value with size 32 to match size of target (11)
Warning (10230): Verilog HDL assignment warning at QPSK_OUT.v(194): truncated value with size 32 to match size of target (11)
Warning (10230): Verilog HDL assignment warning at QPSK_OUT.v(195): truncated value with size 32 to match size of target (11)
Warning (10230): Verilog HDL assignment warning at QPSK_OUT.v(224): truncated value with size 32 to match size of target (11)
Warning (10230): Verilog HDL assignment warning at QPSK_OUT.v(225): truncated value with size 32 to match size of target (11)
Warning (10230): Verilog HDL assignment warning at QPSK_OUT.v(226): truncated value with size 32 to match size of target (11)
Warning (10230): Verilog HDL assignment warning at QPSK_OUT.v(227): truncated value with size 32 to match size of target (11)
Warning (10230): Verilog HDL assignment warning at QPSK_OUT.v(228): truncated value with size 32 to match size of target (11)
Warning (10230): Verilog HDL assignment warning at QPSK_OUT.v(229): truncated value with size 32 to match size of target (11)
Warning (10230): Verilog HDL assignment warning at QPSK_OUT.v(230): truncated value with size 32 to match size of target (11)
Warning (10230): Verilog HDL assignment warning at QPSK_OUT.v(231): truncated value with size 32 to match size of target (11)
Warning (10230): Verilog HDL assignment warning at QPSK_OUT.v(232): truncated value with size 32 to match size of target (11)
Warning (10230): Verilog HDL assignment warning at QPSK_OUT.v(233): truncated value with size 32 to match size of target (11)
Warning (10230): Verilog HDL assignment warning at QPSK_OUT.v(234): truncated value with size 32 to match size of target (11)
Warning (10230): Verilog HDL assignment warning at QPSK_OUT.v(235): truncated value with size 32 to match size of target (11)
Warning (10230): Verilog HDL assignment warning at QPSK_OUT.v(236): truncated value with size 32 to match size of target (11)
Warning (10230): Verilog HDL assignment warning at QPSK_OUT.v(237): truncated value with size 32 to match size of target (11)
Warning (10230): Verilog HDL assignment warning at QPSK_OUT.v(238): truncated value with size 32 to match size of target (11)
Warning (10230): Verilog HDL assignment warning at QPSK_OUT.v(239): truncated value with size 32 to match size of target (11)
Warning (10230): Verilog HDL assignment warning at QPSK_OUT.v(240): truncated value with size 32 to match size of target (11)
Warning (10230): Verilog HDL assignment warning at QPSK_OUT.v(241): truncated value with size 32 to match size of target (11)
Warning (10230): Verilog HDL assignment warning at QPSK_OUT.v(242): truncated value with size 32 to match size of target (11)
Warning (10230): Verilog HDL assignment warning at QPSK_OUT.v(243): truncated value with size 32 to match size of target (11)
Warning (10230): Verilog HDL assignment warning at QPSK_OUT.v(244): truncated value with size 32 to match size of target (11)
Warning (10230): Verilog HDL assignment warning at QPSK_OUT.v(245): truncated value with size 32 to match size of target (11)
Warning (10230): Verilog HDL assignment warning at QPSK_OUT.v(246): truncated value with size 32 to match size of target (11)
Warning (10230): Verilog HDL assignment warning at QPSK_OUT.v(247): truncated value with size 32 to match size of target (11)
Warning (10230): Verilog HDL assignment warning at QPSK_OUT.v(248): truncated value with size 32 to match size of target (11)
Warning (10230): Verilog HDL assignment warning at QPSK_OUT.v(249): truncated value with size 32 to match size of target (11)
Warning (10230): Verilog HDL assignment warning at QPSK_OUT.v(250): truncated value with size 32 to match size of target (11)
Warning (10230): Verilog HDL assignment warning at QPSK_OUT.v(251): truncated value with size 32 to match size of target (11)
Warning (10230): Verilog HDL assignment warning at QPSK_OUT.v(252): truncated value with size 32 to match size of target (11)
Warning (10230): Verilog HDL assignment warning at QPSK_OUT.v(253): truncated value with size 32 to match size of target (11)
Warning (10230): Verilog HDL assignment warning at QPSK_OUT.v(254): truncated value with size 32 to match size of target (11)
Warning (10230): Verilog HDL assignment warning at QPSK_OUT.v(255): truncated value with size 32 to match size of target (11)
Warning (10230): Verilog HDL assignment warning at QPSK_OUT.v(256): truncated value with size 32 to match size of target (11)
Warning (10230): Verilog HDL assignment warning at QPSK_OUT.v(257): truncated value with size 32 to match size of target (11)
Warning (10230): Verilog HDL assignment warning at QPSK_OUT.v(258): truncated value with size 32 to match size of target (11)
Warning (10230): Verilog HDL assignment warning at QPSK_OUT.v(259): truncated value with size 32 to match size of target (11)
Warning (10230): Verilog HDL assignment warning at QPSK_OUT.v(260): truncated value with size 32 to match size of target (11)
Warning (10230): Verilog HDL assignment warning at QPSK_OUT.v(261): truncated value with size 32 to match size of target (11)
Warning (10230): Verilog HDL assignment warning at QPSK_OUT.v(262): truncated value with size 32 to match size of target (11)
Warning (10230): Verilog HDL assignment warning at QPSK_OUT.v(263): truncated value with size 32 to match size of target (11)
Warning (10230): Verilog HDL assignment warning at QPSK_OUT.v(264): truncated value with size 32 to match size of target (11)
Warning (10230): Verilog HDL assignment warning at QPSK_OUT.v(265): truncated value with size 32 to match size of target (11)
Warning (10230): Verilog HDL assignment warning at QPSK_OUT.v(266): truncated value with size 32 to match size of target (11)
Warning (10230): Verilog HDL assignment warning at QPSK_OUT.v(267): truncated value with size 32 to match size of target (11)
Warning (10230): Verilog HDL assignment warning at QPSK_OUT.v(268): truncated value with size 32 to match size of target (11)
Warning (10230): Verilog HDL assignment warning at QPSK_OUT.v(269): truncated value with size 32 to match size of target (11)
Warning (10230): Verilog HDL assignment warning at QPSK_OUT.v(270): truncated value with size 32 to match size of target (11)
Warning (10230): Verilog HDL assignment warning at QPSK_OUT.v(271): truncated value with size 32 to match size of target (11)
Warning (10230): Verilog HDL assignment warning at QPSK_OUT.v(272): truncated value with size 32 to match size of target (11)
Warning (10230): Verilog HDL assignment warning at QPSK_OUT.v(325): truncated value with size 32 to match size of target (11)
Warning (10230): Verilog HDL assignment warning at QPSK_OUT.v(326): truncated value with size 32 to match size of target (11)
Warning (10230): Verilog HDL assignment warning at QPSK_OUT.v(327): truncated value with size 32 to match size of target (11)
Warning (10230): Verilog HDL assignment warning at QPSK_OUT.v(328): truncated value with size 32 to match size of target (11)
Warning (10230): Verilog HDL assignment warning at QPSK_OUT.v(329): truncated value with size 32 to match size of target (11)
Warning (10230): Verilog HDL assignment warning at QPSK_OUT.v(330): truncated value with size 32 to match size of target (11)
Warning (10230): Verilog HDL assignment warning at QPSK_OUT.v(331): truncated value with size 32 to match size of target (11)
Warning (10230): Verilog HDL assignment warning at QPSK_OUT.v(332): truncated value with size 32 to match size of target (11)
Warning (10230): Verilog HDL assignment warning at QPSK_OUT.v(333): truncated value with size 32 to match size of target (11)
Warning (10230): Verilog HDL assignment warning at QPSK_OUT.v(334): truncated value with size 32 to match size of target (11)
Warning (10230): Verilog HDL assignment warning at QPSK_OUT.v(335): truncated value with size 32 to match size of target (11)
Warning (10230): Verilog HDL assignment warning at QPSK_OUT.v(336): truncated value with size 32 to match size of target (11)
Warning (10230): Verilog HDL assignment warning at QPSK_OUT.v(337): truncated value with size 32 to match size of target (11)
Warning (10230): Verilog HDL assignment warning at QPSK_OUT.v(338): truncated value with size 32 to match size of target (11)
Warning (10230): Verilog HDL assignment warning at QPSK_OUT.v(339): truncated value with size 32 to match size of target (11)
Warning (10230): Verilog HDL assignment warning at QPSK_OUT.v(340): truncated value with size 32 to match size of target (11)
Warning (10230): Verilog HDL assignment warning at QPSK_OUT.v(341): truncated value with size 32 to match size of target (11)
Warning (10230): Verilog HDL assignment warning at QPSK_OUT.v(342): truncated value with size 32 to match size of target (11)
Warning (10230): Verilog HDL assignment warning at QPSK_OUT.v(343): truncated value with size 32 to match size of target (11)
Warning (10230): Verilog HDL assignment warning at QPSK_OUT.v(344): truncated value with size 32 to match size of target (11)
Warning (10230): Verilog HDL assignment warning at QPSK_OUT.v(345): truncated value with size 32 to match size of target (11)
Warning (10230): Verilog HDL assignment warning at QPSK_OUT.v(346): truncated value with size 32 to match size of target (11)
Warning (10230): Verilog HDL assignment warning at QPSK_OUT.v(347): truncated value with size 32 to match size of target (11)
Warning (10230): Verilog HDL assignment warning at QPSK_OUT.v(348): truncated value with size 32 to match size of target (11)
Warning (10230): Verilog HDL assignment warning at QPSK_OUT.v(349): truncated value with size 32 to match size of target (11)
Warning (10230): Verilog HDL assignment warning at QPSK_OUT.v(401): truncated value with size 32 to match size of target (11)
Warning (10230): Verilog HDL assignment warning at QPSK_OUT.v(402): truncated value with size 32 to match size of target (11)
Warning (10230): Verilog HDL assignment warning at QPSK_OUT.v(403): truncated value with size 32 to match size of target (11)
Warning (10230): Verilog HDL assignment warning at QPSK_OUT.v(404): truncated value with size 32 to match size of target (11)
Warning (10230): Verilog HDL assignment warning at QPSK_OUT.v(405): truncated value with size 32 to match size of target (11)
Warning (10230): Verilog HDL assignment warning at QPSK_OUT.v(406): truncated value with size 32 to match size of target (11)
Warning (10230): Verilog HDL assignment warning at QPSK_OUT.v(407): truncated value with size 32 to match size of target (11)
Warning (10230): Verilog HDL assignment warning at QPSK_OUT.v(408): truncated value with size 32 to match size of target (11)
Warning (10230): Verilog HDL assignment warning at QPSK_OUT.v(409): truncated value with size 32 to match size of target (11)
Warning (10230): Verilog HDL assignment warning at QPSK_OUT.v(410): truncated value with size 32 to match size of target (11)
Warning (10230): Verilog HDL assignment warning at QPSK_OUT.v(411): truncated value with size 32 to match size of target (11)
Warning (10230): Verilog HDL assignment warning at QPSK_OUT.v(412): truncated value with size 32 to match size of target (11)
Warning (10230): Verilog HDL assignment warning at QPSK_OUT.v(413): truncated value with size 32 to match size of target (11)
Warning (10230): Verilog HDL assignment warning at QPSK_OUT.v(414): truncated value with size 32 to match size of target (11)
Warning (10230): Verilog HDL assignment warning at QPSK_OUT.v(415): truncated value with size 32 to match size of target (11)
Warning (10230): Verilog HDL assignment warning at QPSK_OUT.v(416): truncated value with size 32 to match size of target (11)
Warning (10230): Verilog HDL assignment warning at QPSK_OUT.v(417): truncated value with size 32 to match size of target (11)
Warning (10230): Verilog HDL assignment warning at QPSK_OUT.v(418): truncated value with size 32 to match size of target (11)
Warning (10230): Verilog HDL assignment warning at QPSK_OUT.v(419): truncated value with size 32 to match size of target (11)
Warning (10230): Verilog HDL assignment warning at QPSK_OUT.v(420): truncated value with size 32 to match size of target (11)
Warning (10230): Verilog HDL assignment warning at QPSK_OUT.v(421): truncated value with size 32 to match size of target (11)
Warning (10230): Verilog HDL assignment warning at QPSK_OUT.v(422): truncated value with size 32 to match size of target (11)
Warning (10230): Verilog HDL assignment warning at QPSK_OUT.v(423): truncated value with size 32 to match size of target (11)
Warning (10230): Verilog HDL assignment warning at QPSK_OUT.v(424): truncated value with size 32 to match size of target (11)
Warning (10230): Verilog HDL assignment warning at QPSK_OUT.v(425): truncated value with size 32 to match size of target (11)
Warning (10030): Net "sine.data_a" at QPSK_OUT.v(8) has no driver or initial value, using a default initial value '0'
Warning (10030): Net "sine.waddr_a" at QPSK_OUT.v(8) has no driver or initial value, using a default initial value '0'
Warning (10030): Net "sine_n.data_a" at QPSK_OUT.v(9) has no driver or initial value, using a default initial value '0'
Warning (10030): Net "sine_n.waddr_a" at QPSK_OUT.v(9) has no driver or initial value, using a default initial value '0'
Warning (10030): Net "cosine.data_a" at QPSK_OUT.v(10) has no driver or initial value, using a default initial value '0'
Warning (10030): Net "cosine.waddr_a" at QPSK_OUT.v(10) has no driver or initial value, using a default initial value '0'
Warning (10030): Net "cosine_n.data_a" at QPSK_OUT.v(11) has no driver or initial value, using a default initial value '0'
Warning (10030): Net "cosine_n.waddr_a" at QPSK_OUT.v(11) has no driver or initial value, using a default initial value '0'
Warning (10030): Net "sine.we_a" at QPSK_OUT.v(8) has no driver or initial value, using a default initial value '0'
Warning (10030): Net "sine_n.we_a" at QPSK_OUT.v(9) has no driver or initial value, using a default initial value '0'
Warning (10030): Net "cosine.we_a" at QPSK_OUT.v(10) has no driver or initial value, using a default initial value '0'
Warning (10030): Net "cosine_n.we_a" at QPSK_OUT.v(11) has no driver or initial value, using a default initial value '0'
Info (12128): Elaborating entity "Clock_divider" for hierarchy "Clock_divider:inst2"
Info (12128): Elaborating entity "Clock_divider2" for hierarchy "Clock_divider2:inst3"
Critical Warning (127005): Memory depth (128) in the design file differs from memory depth (101) in the Memory Initialization File "C:/Users/SHIVOHAM/Desktop/QPSK_OUT/db/QPSK_OUT.ram2_QPSK_OUT_f1fe36f2.hdl.mif" -- setting initial value for remaining addresses to 0
Warning (127007): Memory Initialization File or Hexadecimal (Intel-Format) File "C:/Users/SHIVOHAM/Desktop/QPSK_OUT/db/QPSK_OUT.ram2_QPSK_OUT_f1fe36f2.hdl.mif" contains "don't care" values -- overwriting them with 0s
Critical Warning (127005): Memory depth (128) in the design file differs from memory depth (101) in the Memory Initialization File "C:/Users/SHIVOHAM/Desktop/QPSK_OUT/db/QPSK_OUT.ram0_QPSK_OUT_f1fe36f2.hdl.mif" -- setting initial value for remaining addresses to 0
Critical Warning (127005): Memory depth (128) in the design file differs from memory depth (101) in the Memory Initialization File "C:/Users/SHIVOHAM/Desktop/QPSK_OUT/db/QPSK_OUT.ram3_QPSK_OUT_f1fe36f2.hdl.mif" -- setting initial value for remaining addresses to 0
Critical Warning (127005): Memory depth (128) in the design file differs from memory depth (101) in the Memory Initialization File "C:/Users/SHIVOHAM/Desktop/QPSK_OUT/db/QPSK_OUT.ram1_QPSK_OUT_f1fe36f2.hdl.mif" -- setting initial value for remaining addresses to 0
Info (16010): Generating hard_block partition "hard_block:auto_generated_inst"
    Info (16011): Adding 0 node(s), including 0 DDIO, 0 PLL, 0 transceiver and 0 LCELL
Info (21057): Implemented 574 device resources after synthesis - the final resource count might be different
    Info (21058): Implemented 3 input pins
    Info (21059): Implemented 34 output pins
    Info (21061): Implemented 537 logic cells
Info: Quartus II 64-Bit Analysis & Synthesis was successful. 0 errors, 217 warnings
    Info: Peak virtual memory: 4605 megabytes
    Info: Processing ended: Sat Jan 29 09:34:26 2022
    Info: Elapsed time: 00:00:05
    Info: Total CPU time (on all processors): 00:00:04


