Analysis & Synthesis report for check2
Mon Feb 21 17:21:50 2022
Quartus II 64-Bit Version 13.0.1 Build 232 06/12/2013 Service Pack 1 SJ Web Edition


---------------------
; Table of Contents ;
---------------------
  1. Legal Notice
  2. Analysis & Synthesis Summary
  3. Analysis & Synthesis Settings
  4. Parallel Compilation
  5. Analysis & Synthesis Source Files Read
  6. Analysis & Synthesis Resource Usage Summary
  7. Analysis & Synthesis Resource Utilization by Entity
  8. Registers Removed During Synthesis
  9. General Register Statistics
 10. Elapsed Time Per Partition
 11. Analysis & Synthesis Messages
 12. Analysis & Synthesis Suppressed Messages



----------------
; Legal Notice ;
----------------
Copyright (C) 1991-2013 Altera Corporation
Your use of Altera Corporation's design tools, logic functions 
and other software and tools, and its AMPP partner logic 
functions, and any output files from any of the foregoing 
(including device programming or simulation files), and any 
associated documentation or information are expressly subject 
to the terms and conditions of the Altera Program License 
Subscription Agreement, Altera MegaCore Function License 
Agreement, or other applicable license agreement, including, 
without limitation, that your use is for the sole purpose of 
programming logic devices manufactured by Altera and sold by 
Altera or its authorized distributors.  Please refer to the 
applicable agreement for further details.



+--------------------------------------------------------------------------------------+
; Analysis & Synthesis Summary                                                         ;
+------------------------------------+-------------------------------------------------+
; Analysis & Synthesis Status        ; Successful - Mon Feb 21 17:21:50 2022           ;
; Quartus II 64-Bit Version          ; 13.0.1 Build 232 06/12/2013 SP 1 SJ Web Edition ;
; Revision Name                      ; check2                                          ;
; Top-level Entity Name              ; Block2                                          ;
; Family                             ; Cyclone II                                      ;
; Total logic elements               ; 177                                             ;
;     Total combinational functions  ; 177                                             ;
;     Dedicated logic registers      ; 44                                              ;
; Total registers                    ; 44                                              ;
; Total pins                         ; 12                                              ;
; Total virtual pins                 ; 0                                               ;
; Total memory bits                  ; 0                                               ;
; Embedded Multiplier 9-bit elements ; 0                                               ;
; Total PLLs                         ; 0                                               ;
+------------------------------------+-------------------------------------------------+


+----------------------------------------------------------------------------------------------------------------------+
; Analysis & Synthesis Settings                                                                                        ;
+----------------------------------------------------------------------------+--------------------+--------------------+
; Option                                                                     ; Setting            ; Default Value      ;
+----------------------------------------------------------------------------+--------------------+--------------------+
; Device                                                                     ; EP2C20F484C7       ;                    ;
; Top-level entity name                                                      ; Block2             ; check2             ;
; Family name                                                                ; Cyclone II         ; Cyclone IV GX      ;
; Use smart compilation                                                      ; Off                ; Off                ;
; Enable parallel Assembler and TimeQuest Timing Analyzer during compilation ; On                 ; On                 ;
; Enable compact report table                                                ; Off                ; Off                ;
; Restructure Multiplexers                                                   ; Auto               ; Auto               ;
; Create Debugging Nodes for IP Cores                                        ; Off                ; Off                ;
; Preserve fewer node names                                                  ; On                 ; On                 ;
; Disable OpenCore Plus hardware evaluation                                  ; Off                ; Off                ;
; Verilog Version                                                            ; Verilog_2001       ; Verilog_2001       ;
; VHDL Version                                                               ; VHDL_1993          ; VHDL_1993          ;
; State Machine Processing                                                   ; Auto               ; Auto               ;
; Safe State Machine                                                         ; Off                ; Off                ;
; Extract Verilog State Machines                                             ; On                 ; On                 ;
; Extract VHDL State Machines                                                ; On                 ; On                 ;
; Ignore Verilog initial constructs                                          ; Off                ; Off                ;
; Iteration limit for constant Verilog loops                                 ; 5000               ; 5000               ;
; Iteration limit for non-constant Verilog loops                             ; 250                ; 250                ;
; Add Pass-Through Logic to Inferred RAMs                                    ; On                 ; On                 ;
; Infer RAMs from Raw Logic                                                  ; On                 ; On                 ;
; Parallel Synthesis                                                         ; On                 ; On                 ;
; DSP Block Balancing                                                        ; Auto               ; Auto               ;
; NOT Gate Push-Back                                                         ; On                 ; On                 ;
; Power-Up Don't Care                                                        ; On                 ; On                 ;
; Remove Redundant Logic Cells                                               ; Off                ; Off                ;
; Remove Duplicate Registers                                                 ; On                 ; On                 ;
; Ignore CARRY Buffers                                                       ; Off                ; Off                ;
; Ignore CASCADE Buffers                                                     ; Off                ; Off                ;
; Ignore GLOBAL Buffers                                                      ; Off                ; Off                ;
; Ignore ROW GLOBAL Buffers                                                  ; Off                ; Off                ;
; Ignore LCELL Buffers                                                       ; Off                ; Off                ;
; Ignore SOFT Buffers                                                        ; On                 ; On                 ;
; Limit AHDL Integers to 32 Bits                                             ; Off                ; Off                ;
; Optimization Technique                                                     ; Balanced           ; Balanced           ;
; Carry Chain Length                                                         ; 70                 ; 70                 ;
; Auto Carry Chains                                                          ; On                 ; On                 ;
; Auto Open-Drain Pins                                                       ; On                 ; On                 ;
; Perform WYSIWYG Primitive Resynthesis                                      ; Off                ; Off                ;
; Auto ROM Replacement                                                       ; On                 ; On                 ;
; Auto RAM Replacement                                                       ; On                 ; On                 ;
; Auto Shift Register Replacement                                            ; Auto               ; Auto               ;
; Allow Shift Register Merging across Hierarchies                            ; Auto               ; Auto               ;
; Auto Clock Enable Replacement                                              ; On                 ; On                 ;
; Strict RAM Replacement                                                     ; Off                ; Off                ;
; Allow Synchronous Control Signals                                          ; On                 ; On                 ;
; Force Use of Synchronous Clear Signals                                     ; Off                ; Off                ;
; Auto RAM to Logic Cell Conversion                                          ; Off                ; Off                ;
; Auto Resource Sharing                                                      ; Off                ; Off                ;
; Allow Any RAM Size For Recognition                                         ; Off                ; Off                ;
; Allow Any ROM Size For Recognition                                         ; Off                ; Off                ;
; Allow Any Shift Register Size For Recognition                              ; Off                ; Off                ;
; Use LogicLock Constraints during Resource Balancing                        ; On                 ; On                 ;
; Ignore translate_off and synthesis_off directives                          ; Off                ; Off                ;
; Timing-Driven Synthesis                                                    ; Off                ; Off                ;
; Report Parameter Settings                                                  ; On                 ; On                 ;
; Report Source Assignments                                                  ; On                 ; On                 ;
; Report Connectivity Checks                                                 ; On                 ; On                 ;
; Ignore Maximum Fan-Out Assignments                                         ; Off                ; Off                ;
; Synchronization Register Chain Length                                      ; 2                  ; 2                  ;
; PowerPlay Power Optimization                                               ; Normal compilation ; Normal compilation ;
; HDL message level                                                          ; Level2             ; Level2             ;
; Suppress Register Optimization Related Messages                            ; Off                ; Off                ;
; Number of Removed Registers Reported in Synthesis Report                   ; 5000               ; 5000               ;
; Number of Swept Nodes Reported in Synthesis Report                         ; 5000               ; 5000               ;
; Number of Inverted Registers Reported in Synthesis Report                  ; 100                ; 100                ;
; Clock MUX Protection                                                       ; On                 ; On                 ;
; Auto Gated Clock Conversion                                                ; Off                ; Off                ;
; Block Design Naming                                                        ; Auto               ; Auto               ;
; SDC constraint protection                                                  ; Off                ; Off                ;
; Synthesis Effort                                                           ; Auto               ; Auto               ;
; Shift Register Replacement - Allow Asynchronous Clear Signal               ; On                 ; On                 ;
; Pre-Mapping Resynthesis Optimization                                       ; Off                ; Off                ;
; Analysis & Synthesis Message Level                                         ; Medium             ; Medium             ;
; Disable Register Merging Across Hierarchies                                ; Auto               ; Auto               ;
; Resource Aware Inference For Block RAM                                     ; On                 ; On                 ;
; Synthesis Seed                                                             ; 1                  ; 1                  ;
+----------------------------------------------------------------------------+--------------------+--------------------+


Parallel compilation was disabled, but you have multiple processors available. Enable parallel compilation to reduce compilation time.
+-------------------------------------+
; Parallel Compilation                ;
+----------------------------+--------+
; Processors                 ; Number ;
+----------------------------+--------+
; Number detected on machine ; 8      ;
; Maximum allowed            ; 1      ;
+----------------------------+--------+


+----------------------------------------------------------------------------------------------------------------------------------------------------------+
; Analysis & Synthesis Source Files Read                                                                                                                   ;
+----------------------------------+-----------------+------------------------------------+------------------------------------------------------+---------+
; File Name with User-Entered Path ; Used in Netlist ; File Type                          ; File Name with Absolute Path                         ; Library ;
+----------------------------------+-----------------+------------------------------------+------------------------------------------------------+---------+
; check2.v                         ; yes             ; User Verilog HDL File              ; D:/College/Sem-6/TP/Implementation/Check2/check2.v   ;         ;
; Block2.bdf                       ; yes             ; User Block Diagram/Schematic File  ; D:/College/Sem-6/TP/Implementation/Check2/Block2.bdf ;         ;
+----------------------------------+-----------------+------------------------------------+------------------------------------------------------+---------+


+----------------------------------------------------------------+
; Analysis & Synthesis Resource Usage Summary                    ;
+---------------------------------------------+------------------+
; Resource                                    ; Usage            ;
+---------------------------------------------+------------------+
; Estimated Total logic elements              ; 177              ;
;                                             ;                  ;
; Total combinational functions               ; 177              ;
; Logic element usage by number of LUT inputs ;                  ;
;     -- 4 input functions                    ; 125              ;
;     -- 3 input functions                    ; 13               ;
;     -- <=2 input functions                  ; 39               ;
;                                             ;                  ;
; Logic elements by mode                      ;                  ;
;     -- normal mode                          ; 146              ;
;     -- arithmetic mode                      ; 31               ;
;                                             ;                  ;
; Total registers                             ; 44               ;
;     -- Dedicated logic registers            ; 44               ;
;     -- I/O registers                        ; 0                ;
;                                             ;                  ;
; I/O pins                                    ; 12               ;
; Embedded Multiplier 9-bit elements          ; 0                ;
; Maximum fan-out node                        ; check2:inst|i[4] ;
; Maximum fan-out                             ; 67               ;
; Total fan-out                               ; 710              ;
; Average fan-out                             ; 3.05             ;
+---------------------------------------------+------------------+


+-----------------------------------------------------------------------------------------------------------------------------------------------------------------------------+
; Analysis & Synthesis Resource Utilization by Entity                                                                                                                         ;
+----------------------------+-------------------+--------------+-------------+--------------+---------+-----------+------+--------------+---------------------+--------------+
; Compilation Hierarchy Node ; LC Combinationals ; LC Registers ; Memory Bits ; DSP Elements ; DSP 9x9 ; DSP 18x18 ; Pins ; Virtual Pins ; Full Hierarchy Name ; Library Name ;
+----------------------------+-------------------+--------------+-------------+--------------+---------+-----------+------+--------------+---------------------+--------------+
; |Block2                    ; 177 (0)           ; 44 (0)       ; 0           ; 0            ; 0       ; 0         ; 12   ; 0            ; |Block2             ; work         ;
;    |check2:inst|           ; 177 (177)         ; 44 (44)      ; 0           ; 0            ; 0       ; 0         ; 0    ; 0            ; |Block2|check2:inst ; work         ;
+----------------------------+-------------------+--------------+-------------+--------------+---------+-----------+------+--------------+---------------------+--------------+
Note: For table entries with two numbers listed, the numbers in parentheses indicate the number of resources of the given type used by the specific entity alone. The numbers listed outside of parentheses indicate the total resources of the given type used by the specific entity and all of its sub-entities in the hierarchy.


+--------------------------------------------------------------------------------+
; Registers Removed During Synthesis                                             ;
+---------------------------------------+----------------------------------------+
; Register name                         ; Reason for Removal                     ;
+---------------------------------------+----------------------------------------+
; check2:inst|I_out[7]                  ; Stuck at GND due to stuck port data_in ;
; check2:inst|counter[4]                ; Stuck at GND due to stuck port data_in ;
; Total Number of Removed Registers = 2 ;                                        ;
+---------------------------------------+----------------------------------------+


+------------------------------------------------------+
; General Register Statistics                          ;
+----------------------------------------------+-------+
; Statistic                                    ; Value ;
+----------------------------------------------+-------+
; Total registers                              ; 44    ;
; Number of registers using Synchronous Clear  ; 0     ;
; Number of registers using Synchronous Load   ; 0     ;
; Number of registers using Asynchronous Clear ; 0     ;
; Number of registers using Asynchronous Load  ; 0     ;
; Number of registers using Clock Enable       ; 0     ;
; Number of registers using Preset             ; 0     ;
+----------------------------------------------+-------+


+-------------------------------+
; Elapsed Time Per Partition    ;
+----------------+--------------+
; Partition Name ; Elapsed Time ;
+----------------+--------------+
; Top            ; 00:00:00     ;
+----------------+--------------+


+-------------------------------+
; Analysis & Synthesis Messages ;
+-------------------------------+
Info: *******************************************************************
Info: Running Quartus II 64-Bit Analysis & Synthesis
    Info: Version 13.0.1 Build 232 06/12/2013 Service Pack 1 SJ Web Edition
    Info: Processing started: Mon Feb 21 17:21:48 2022
Info: Command: quartus_map --read_settings_files=on --write_settings_files=off check2 -c check2
Warning (20028): Parallel compilation is not licensed and has been disabled
Info (12021): Found 1 design units, including 1 entities, in source file check2.v
    Info (12023): Found entity 1: check2
Info (12021): Found 1 design units, including 1 entities, in source file block2.bdf
    Info (12023): Found entity 1: Block2
Warning (10227): Verilog HDL Port Declaration warning at check2.v(11): data type declaration for "I_out" declares packed dimensions but the port declaration declaration does not
Info (10499): HDL info at check2.v(4): see declaration for object "I_out"
Info (12127): Elaborating entity "Block2" for the top level hierarchy
Info (12128): Elaborating entity "check2" for hierarchy "check2:inst"
Warning (10036): Verilog HDL or VHDL warning at check2.v(13): object "data_out" assigned a value but never read
Warning (10230): Verilog HDL assignment warning at check2.v(42): truncated value with size 64 to match size of target (7)
Warning (10230): Verilog HDL assignment warning at check2.v(43): truncated value with size 64 to match size of target (7)
Warning (10230): Verilog HDL assignment warning at check2.v(44): truncated value with size 64 to match size of target (7)
Warning (10230): Verilog HDL assignment warning at check2.v(46): truncated value with size 64 to match size of target (7)
Warning (10230): Verilog HDL assignment warning at check2.v(47): truncated value with size 64 to match size of target (7)
Warning (10230): Verilog HDL assignment warning at check2.v(48): truncated value with size 64 to match size of target (7)
Warning (10230): Verilog HDL assignment warning at check2.v(70): truncated value with size 64 to match size of target (7)
Warning (10230): Verilog HDL assignment warning at check2.v(88): truncated value with size 64 to match size of target (7)
Warning (10230): Verilog HDL assignment warning at check2.v(90): truncated value with size 64 to match size of target (7)
Warning (10230): Verilog HDL assignment warning at check2.v(91): truncated value with size 64 to match size of target (7)
Warning (10230): Verilog HDL assignment warning at check2.v(92): truncated value with size 64 to match size of target (7)
Warning (10230): Verilog HDL assignment warning at check2.v(93): truncated value with size 64 to match size of target (7)
Warning (10230): Verilog HDL assignment warning at check2.v(94): truncated value with size 64 to match size of target (7)
Warning (10230): Verilog HDL assignment warning at check2.v(96): truncated value with size 64 to match size of target (7)
Warning (10230): Verilog HDL assignment warning at check2.v(97): truncated value with size 64 to match size of target (7)
Warning (10230): Verilog HDL assignment warning at check2.v(98): truncated value with size 64 to match size of target (7)
Warning (10230): Verilog HDL assignment warning at check2.v(99): truncated value with size 64 to match size of target (7)
Warning (10230): Verilog HDL assignment warning at check2.v(100): truncated value with size 64 to match size of target (7)
Warning (10230): Verilog HDL assignment warning at check2.v(102): truncated value with size 64 to match size of target (7)
Warning (10230): Verilog HDL assignment warning at check2.v(120): truncated value with size 64 to match size of target (7)
Warning (10230): Verilog HDL assignment warning at check2.v(123): truncated value with size 64 to match size of target (7)
Warning (10230): Verilog HDL assignment warning at check2.v(124): truncated value with size 64 to match size of target (7)
Warning (10230): Verilog HDL assignment warning at check2.v(125): truncated value with size 64 to match size of target (7)
Warning (10230): Verilog HDL assignment warning at check2.v(147): truncated value with size 64 to match size of target (7)
Warning (10230): Verilog HDL assignment warning at check2.v(165): truncated value with size 64 to match size of target (7)
Warning (10230): Verilog HDL assignment warning at check2.v(167): truncated value with size 64 to match size of target (7)
Warning (10230): Verilog HDL assignment warning at check2.v(168): truncated value with size 64 to match size of target (7)
Warning (10230): Verilog HDL assignment warning at check2.v(169): truncated value with size 64 to match size of target (7)
Warning (10230): Verilog HDL assignment warning at check2.v(170): truncated value with size 64 to match size of target (7)
Warning (10230): Verilog HDL assignment warning at check2.v(171): truncated value with size 64 to match size of target (7)
Warning (10230): Verilog HDL assignment warning at check2.v(173): truncated value with size 64 to match size of target (7)
Warning (10230): Verilog HDL assignment warning at check2.v(174): truncated value with size 64 to match size of target (7)
Warning (10230): Verilog HDL assignment warning at check2.v(175): truncated value with size 64 to match size of target (7)
Warning (10230): Verilog HDL assignment warning at check2.v(176): truncated value with size 64 to match size of target (7)
Warning (10230): Verilog HDL assignment warning at check2.v(177): truncated value with size 64 to match size of target (7)
Warning (10230): Verilog HDL assignment warning at check2.v(179): truncated value with size 64 to match size of target (7)
Warning (10230): Verilog HDL assignment warning at check2.v(197): truncated value with size 64 to match size of target (7)
Warning (10230): Verilog HDL assignment warning at check2.v(219): truncated value with size 64 to match size of target (7)
Warning (10230): Verilog HDL assignment warning at check2.v(220): truncated value with size 64 to match size of target (7)
Warning (10230): Verilog HDL assignment warning at check2.v(221): truncated value with size 64 to match size of target (7)
Warning (10230): Verilog HDL assignment warning at check2.v(247): truncated value with size 64 to match size of target (7)
Warning (10230): Verilog HDL assignment warning at check2.v(248): truncated value with size 64 to match size of target (7)
Warning (10230): Verilog HDL assignment warning at check2.v(249): truncated value with size 64 to match size of target (7)
Warning (10230): Verilog HDL assignment warning at check2.v(251): truncated value with size 64 to match size of target (7)
Warning (10230): Verilog HDL assignment warning at check2.v(252): truncated value with size 64 to match size of target (7)
Warning (10230): Verilog HDL assignment warning at check2.v(253): truncated value with size 64 to match size of target (7)
Warning (10230): Verilog HDL assignment warning at check2.v(275): truncated value with size 64 to match size of target (7)
Warning (10230): Verilog HDL assignment warning at check2.v(293): truncated value with size 64 to match size of target (7)
Warning (10230): Verilog HDL assignment warning at check2.v(295): truncated value with size 64 to match size of target (7)
Warning (10230): Verilog HDL assignment warning at check2.v(296): truncated value with size 64 to match size of target (7)
Warning (10230): Verilog HDL assignment warning at check2.v(297): truncated value with size 64 to match size of target (7)
Warning (10230): Verilog HDL assignment warning at check2.v(298): truncated value with size 64 to match size of target (7)
Warning (10230): Verilog HDL assignment warning at check2.v(299): truncated value with size 64 to match size of target (7)
Warning (10230): Verilog HDL assignment warning at check2.v(301): truncated value with size 64 to match size of target (7)
Warning (10230): Verilog HDL assignment warning at check2.v(302): truncated value with size 64 to match size of target (7)
Warning (10230): Verilog HDL assignment warning at check2.v(303): truncated value with size 64 to match size of target (7)
Warning (10230): Verilog HDL assignment warning at check2.v(304): truncated value with size 64 to match size of target (7)
Warning (10230): Verilog HDL assignment warning at check2.v(305): truncated value with size 64 to match size of target (7)
Warning (10230): Verilog HDL assignment warning at check2.v(307): truncated value with size 64 to match size of target (7)
Warning (10230): Verilog HDL assignment warning at check2.v(325): truncated value with size 64 to match size of target (7)
Warning (10230): Verilog HDL assignment warning at check2.v(328): truncated value with size 64 to match size of target (7)
Warning (10230): Verilog HDL assignment warning at check2.v(329): truncated value with size 64 to match size of target (7)
Warning (10230): Verilog HDL assignment warning at check2.v(330): truncated value with size 64 to match size of target (7)
Warning (10230): Verilog HDL assignment warning at check2.v(331): truncated value with size 64 to match size of target (7)
Warning (10230): Verilog HDL assignment warning at check2.v(332): truncated value with size 64 to match size of target (7)
Warning (10230): Verilog HDL assignment warning at check2.v(334): truncated value with size 64 to match size of target (7)
Warning (10230): Verilog HDL assignment warning at check2.v(352): truncated value with size 64 to match size of target (7)
Warning (10230): Verilog HDL assignment warning at check2.v(374): truncated value with size 64 to match size of target (7)
Warning (10230): Verilog HDL assignment warning at check2.v(375): truncated value with size 64 to match size of target (7)
Warning (10230): Verilog HDL assignment warning at check2.v(376): truncated value with size 64 to match size of target (7)
Warning (10230): Verilog HDL assignment warning at check2.v(378): truncated value with size 64 to match size of target (7)
Warning (10230): Verilog HDL assignment warning at check2.v(379): truncated value with size 64 to match size of target (7)
Warning (10230): Verilog HDL assignment warning at check2.v(380): truncated value with size 64 to match size of target (7)
Warning (10230): Verilog HDL assignment warning at check2.v(402): truncated value with size 64 to match size of target (7)
Warning (10230): Verilog HDL assignment warning at check2.v(420): truncated value with size 64 to match size of target (7)
Warning (10230): Verilog HDL assignment warning at check2.v(422): truncated value with size 64 to match size of target (7)
Warning (10230): Verilog HDL assignment warning at check2.v(423): truncated value with size 64 to match size of target (7)
Warning (10230): Verilog HDL assignment warning at check2.v(424): truncated value with size 64 to match size of target (7)
Warning (10230): Verilog HDL assignment warning at check2.v(425): truncated value with size 64 to match size of target (7)
Warning (10230): Verilog HDL assignment warning at check2.v(426): truncated value with size 64 to match size of target (7)
Warning (10230): Verilog HDL assignment warning at check2.v(434): truncated value with size 32 to match size of target (5)
Warning (10030): Net "sine.data_a" at check2.v(7) has no driver or initial value, using a default initial value '0'
Warning (10030): Net "sine.waddr_a" at check2.v(7) has no driver or initial value, using a default initial value '0'
Warning (10030): Net "sine_n.data_a" at check2.v(8) has no driver or initial value, using a default initial value '0'
Warning (10030): Net "sine_n.waddr_a" at check2.v(8) has no driver or initial value, using a default initial value '0'
Warning (10030): Net "sine.we_a" at check2.v(7) has no driver or initial value, using a default initial value '0'
Warning (10030): Net "sine_n.we_a" at check2.v(8) has no driver or initial value, using a default initial value '0'
Info (276014): Found 2 instances of uninferred RAM logic
    Info (276004): RAM logic "check2:inst|sine_n" is uninferred due to inappropriate RAM size
    Info (276004): RAM logic "check2:inst|sine" is uninferred due to inappropriate RAM size
Critical Warning (127005): Memory depth (128) in the design file differs from memory depth (101) in the Memory Initialization File "D:/College/Sem-6/TP/Implementation/Check2/db/check2.ram2_check2_e6d141df.hdl.mif" -- setting initial value for remaining addresses to 0
Critical Warning (127005): Memory depth (128) in the design file differs from memory depth (101) in the Memory Initialization File "D:/College/Sem-6/TP/Implementation/Check2/db/check2.ram0_check2_e6d141df.hdl.mif" -- setting initial value for remaining addresses to 0
Warning (13024): Output pins are stuck at VCC or GND
    Warning (13410): Pin "I_out[7]" is stuck at GND
Info (144001): Generated suppressed messages file D:/College/Sem-6/TP/Implementation/Check2/output_files/check2.map.smsg
Info (16010): Generating hard_block partition "hard_block:auto_generated_inst"
    Info (16011): Adding 0 node(s), including 0 DDIO, 0 PLL, 0 transceiver and 0 LCELL
Warning (21074): Design contains 1 input pin(s) that do not drive logic
    Warning (15610): No output dependent on input pin "O"
Info (21057): Implemented 218 device resources after synthesis - the final resource count might be different
    Info (21058): Implemented 3 input pins
    Info (21059): Implemented 9 output pins
    Info (21061): Implemented 206 logic cells
Info: Quartus II 64-Bit Analysis & Synthesis was successful. 0 errors, 96 warnings
    Info: Peak virtual memory: 4593 megabytes
    Info: Processing ended: Mon Feb 21 17:21:50 2022
    Info: Elapsed time: 00:00:02
    Info: Total CPU time (on all processors): 00:00:02


+------------------------------------------+
; Analysis & Synthesis Suppressed Messages ;
+------------------------------------------+
The suppressed messages can be found in D:/College/Sem-6/TP/Implementation/Check2/output_files/check2.map.smsg.


